<?xml version="1.0" encoding="UTF-8"?>
<!-- Generated by org.testng.reporters.JUnitReportReporter -->
<testsuite hostname="tamil" failures="0" tests="1" name="SeleniumTest.OpenGoogle" time="56.521" errors="0" timestamp="2023-03-14T19:27:23 IST" skipped="0">
  <testcase classname="SeleniumTest.OpenGoogle" name="openActiTime" time="56.521"/>
  <system-out/>
</testsuite> <!-- SeleniumTest.OpenGoogle -->
